<?xml version="1.0" encoding="UTF-8"?>
<testng-results ignored="0" total="1" passed="1" failed="0" skipped="0">
  <reporter-output>
  </reporter-output>
  <suite started-at="2024-08-19T18:56:18 IST" name="Default suite" finished-at="2024-08-19T18:56:37 IST" duration-ms="19530">
    <groups>
    </groups>
    <test started-at="2024-08-19T18:56:18 IST" name="Default test" finished-at="2024-08-19T18:56:37 IST" duration-ms="19530">
      <class name="test.RadioButton">
        <test-method signature="verifyradiobutton()[pri:0, instance:test.RadioButton@6a28ffa4]" started-at="2024-08-19T18:56:18 IST" name="verifyradiobutton" finished-at="2024-08-19T18:56:37 IST" duration-ms="19482" status="PASS">
          <reporter-output>
          </reporter-output>
        </test-method> <!-- verifyradiobutton -->
      </class> <!-- test.RadioButton -->
    </test> <!-- Default test -->
  </suite> <!-- Default suite -->
</testng-results>
